Arguments: 
  C:\Program Files\nodejs\node.exe C:\Users\Abhinav Srinivas\AppData\Roaming\npm\node_modules\yarn\bin\yarn.js dev

PATH: 
  C:\Program Files\WindowsApps\Microsoft.PowerShell_7.3.3.0_x64__8wekyb3d8bbwe;C:\Program Files\Common Files\Oracle\Java\javapath;C:\WINDOWS\system32;C:\WINDOWS;C:\WINDOWS\System32\Wbem;C:\WINDOWS\System32\WindowsPowerShell\v1.0\;C:\WINDOWS\System32\OpenSSH\;C:\Program Files\Git\cmd;C:\Program Files\nodejs\;C:\flutter\bin;C:\MinGW\bin;C:\Program Files (x86)\Pulse Secure\VC142.CRT\X64\;C:\Program Files (x86)\Pulse Secure\VC142.CRT\X86\;C:\Program Files (x86)\Common Files\Pulse Secure\TNC Client Plugin\;C:\Program Files\NVIDIA Corporation\NVIDIA NvDLISR;C:\Program Files\dotnet\;C:\Program Files\MySQL\MySQL Shell 8.0\bin\;C:\Users\Abhinav Srinivas\AppData\Local\Microsoft\WindowsApps;C:\Hugo\bin;C:\Users\Abhinav Srinivas\AppData\Local\Programs\Microsoft VS Code\bin;C:\Users\Abhinav Srinivas\AppData\Local\Programs\oh-my-posh\bin;C:\Users\Abhinav Srinivas\AppData\Roaming\npm;C:\flutter\bin\;C:\Users\Abhinav Srinivas\AppData\Local\Android\Sdk\emulator;C:\Program Files\MySQL\MySQL Server 8.0\bin;C:\Program Files\heroku\bin;C:\Users\Abhinav Srinivas\Documents\flutter_windows_3.7.3-stable\flutter\bin

Yarn version: 
  1.22.19

Node version: 
  16.17.1

Platform: 
  win32 x64

Trace: 
  SyntaxError: C:\Users\Abhinav Srinivas\Documents\projects\Professor-Website-\package.json: Unexpected token } in JSON at position 365
      at JSON.parse (<anonymous>)
      at C:\Users\Abhinav Srinivas\AppData\Roaming\npm\node_modules\yarn\lib\cli.js:1629:59
      at Generator.next (<anonymous>)
      at step (C:\Users\Abhinav Srinivas\AppData\Roaming\npm\node_modules\yarn\lib\cli.js:310:30)
      at C:\Users\Abhinav Srinivas\AppData\Roaming\npm\node_modules\yarn\lib\cli.js:321:13

npm manifest: 
  {
    "name": "my-portfolio",
    "version": "0.0.0",
    "scripts": {
      "ng": "ng",
      "start": "ng serve",
      "build": "ng build",
      "test": "ng test",
      "lint": "ng lint",
      "e2e": "ng e2e",
      "deploy": "ng b --prod --base-href https://zinedineBenkhider.github.io/portfolio/ && npx ngh --dir=dist/my-portfolio",
      "dev": "tinacms dev -c \"next dev\"",
    },
    "private": true,
    "dependencies": {
      "@angular/animations": "~11.0.1",
      "@angular/cdk": "^11.2.13",
      "@angular/common": "~11.0.1",
      "@angular/compiler": "~11.0.1",
      "@angular/core": "~11.0.1",
      "@angular/forms": "~11.0.1",
      "@angular/material": "^11.2.13",
      "@angular/platform-browser": "~11.0.1",
      "@angular/platform-browser-dynamic": "~11.0.1",
      "@angular/router": "~11.0.1",
      "@fortawesome/angular-fontawesome": "^0.8.0",
      "@fortawesome/fontawesome-svg-core": "^1.2.32",
      "@fortawesome/free-solid-svg-icons": "^5.15.1",
      "@ngx-translate/core": "^11.0.1",
      "@tinacms/cli": "^1.3.3",
      "@types/aos": "^3.0.3",
      "aos": "^2.3.4",
      "bootstrap": "^5.2.3",
      "font-awesome": "^4.7.0",
      "jquery": "^3.6.3",
      "rxjs": "~6.6.0",
      "tinacms": "^1.3.3",
      "tslib": "^2.0.0",
      "typed.js": "^2.0.11",
      "venobox": "^1.9.1",
      "zone.js": "~0.10.2"
    },
    "devDependencies": {
      "@angular-devkit/build-angular": "~0.1100.2",
      "@angular/cli": "~11.0.2",
      "@angular/compiler-cli": "~11.0.1",
      "@types/jasmine": "~3.6.0",
      "@types/jquery": "^3.5.16",
      "@types/node": "^12.11.1",
      "angular-cli-ghpages": "^0.6.2",
      "codelyzer": "^6.0.0",
      "jasmine-core": "~3.6.0",
      "jasmine-spec-reporter": "~5.0.0",
      "karma": "~5.1.0",
      "karma-chrome-launcher": "~3.1.0",
      "karma-coverage": "~2.0.3",
      "karma-jasmine": "~4.0.0",
      "karma-jasmine-html-reporter": "^1.5.0",
      "protractor": "~7.0.0",
      "ts-node": "~8.3.0",
      "tslint": "~6.1.0",
      "typescript": "~4.0.2"
    }
  }

yarn manifest: 
  No manifest

Lockfile: 
  No lockfile
